#
# A fatal error has been detected by the Java Runtime Environment:
#
#  Internal Error (javaClasses.cpp:129), pid=1508, tid=4028
#  fatal error: Invalid layout of preloaded class
#
# JRE version: 7.0_25-b17
# Java VM: Java HotSpot(TM) 64-Bit Server VM (23.25-b01 mixed mode windows-amd64 compressed oops)
# Failed to write core dump. Minidumps are not enabled by default on client versions of Windows
#
# If you would like to submit a bug report, please visit:
#   http://bugreport.sun.com/bugreport/crash.jsp
#

---------------  T H R E A D  ---------------

Current thread (0x000000000046c800):  JavaThread "Unknown thread" [_thread_in_vm, id=4028, stack(0x00000000024a0000,0x00000000025a0000)]

Stack: [0x00000000024a0000,0x00000000025a0000]

---------------  P R O C E S S  ---------------

Java Threads: ( => current thread )

Other Threads:

=>0x000000000046c800 (exited) JavaThread "Unknown thread" [_thread_in_vm, id=4028, stack(0x00000000024a0000,0x00000000025a0000)]

VM state:not at safepoint (not fully initialized)

VM Mutex/Monitor currently owned by a thread: None

GC Heap History (0 events):
No events

Deoptimization events (0 events):
No events

Internal exceptions (0 events):
No events

Events (10 events):
Event: 0.009 loading class 0x00000000022c0250 done
Event: 0.009 loading class 0x0000000002282680 done
Event: 0.009 loading class 0x0000000002282650
Event: 0.009 loading class 0x000000000230f5a0
Event: 0.009 loading class 0x000000000230f5a0 done
Event: 0.009 loading class 0x000000000230f5e0
Event: 0.009 loading class 0x000000000230f5e0 done
Event: 0.009 loading class 0x000000000b73f150
Event: 0.009 loading class 0x000000000b73f150 done
Event: 0.009 loading class 0x0000000002282650 done


Dynamic libraries:
0x000000013f130000 - 0x000000013f163000 	E:\Program Files\Java\jre7\bin\javaw.exe
0x0000000077880000 - 0x0000000077a29000 	C:\Windows\SYSTEM32\ntdll.dll
0x0000000077760000 - 0x000000007787f000 	C:\Windows\system32\kernel32.dll
0x000007fefd940000 - 0x000007fefd9ab000 	C:\Windows\system32\KERNELBASE.dll
0x000007fefde10000 - 0x000007fefdeeb000 	C:\Windows\system32\ADVAPI32.dll
0x000007fefe0c0000 - 0x000007fefe15f000 	C:\Windows\system32\msvcrt.dll
0x000007fefdd10000 - 0x000007fefdd2f000 	C:\Windows\SYSTEM32\sechost.dll
0x000007fefe420000 - 0x000007fefe54d000 	C:\Windows\system32\RPCRT4.dll
0x0000000077660000 - 0x000000007775a000 	C:\Windows\system32\USER32.dll
0x000007fefe5f0000 - 0x000007fefe657000 	C:\Windows\system32\GDI32.dll
0x000007feff900000 - 0x000007feff90e000 	C:\Windows\system32\LPK.dll
0x000007fefdd30000 - 0x000007fefddf9000 	C:\Windows\system32\USP10.dll
0x000007fefbdd0000 - 0x000007fefbfc4000 	C:\Windows\WinSxS\amd64_microsoft.windows.common-controls_6595b64144ccf1df_6.0.7601.17514_none_fa396087175ac9ac\COMCTL32.dll
0x000007fefe3a0000 - 0x000007fefe411000 	C:\Windows\system32\SHLWAPI.dll
0x000007feff8d0000 - 0x000007feff8fe000 	C:\Windows\system32\IMM32.DLL
0x000007fefe6c0000 - 0x000007fefe7c9000 	C:\Windows\system32\MSCTF.dll
0x0000000059df0000 - 0x0000000059ec1000 	E:\Program Files\Java\jre7\bin\msvcr100.dll
0x000000006ed00000 - 0x000000006f40f000 	E:\Program Files\Java\jre7\bin\server\jvm.dll
0x000007fede360000 - 0x000007fede369000 	C:\Windows\system32\WSOCK32.dll
0x000007fefdef0000 - 0x000007fefdf3d000 	C:\Windows\system32\WS2_32.dll
0x000007fefde00000 - 0x000007fefde08000 	C:\Windows\system32\NSI.dll
0x000007fefb340000 - 0x000007fefb37b000 	C:\Windows\system32\WINMM.dll
0x0000000077a40000 - 0x0000000077a47000 	C:\Windows\system32\PSAPI.DLL
0x0000000066fb0000 - 0x0000000066fbf000 	E:\Program Files\Java\jre7\bin\verify.dll
0x0000000066f80000 - 0x0000000066fa8000 	E:\Program Files\Java\jre7\bin\java.dll
0x000000005f990000 - 0x000000005f9a5000 	E:\Program Files\Java\jre7\bin\zip.dll

VM Arguments:
jvm_args: -Dfile.encoding=MS950 -Xbootclasspath:E:\Program Files (x86)\Eclipse\sdk\platforms\android-17\android.jar 
java_command: com.example.java.DataStructor
Launcher Type: SUN_STANDARD

Environment Variables:
PATH=C:\Program Files (x86)\AMD APP\bin\x86_64;C:\Program Files (x86)\AMD APP\bin\x86;C:\Program Files (x86)\Intel\iCLS Client\;C:\Program Files\Intel\iCLS Client\;C:\Windows\system32;C:\Windows;C:\Windows\System32\Wbem;C:\Windows\System32\WindowsPowerShell\v1.0\;C:\Program Files\Intel\Intel(R) Management Engine Components\DAL;C:\Program Files\Intel\Intel(R) Management Engine Components\IPT;C:\Program Files (x86)\Intel\Intel(R) Management Engine Components\DAL;C:\Program Files (x86)\Intel\Intel(R) Management Engine Components\IPT;C:\Program Files (x86)\ATI Technologies\ATI.ACE\Core-Static;E:\Program Files\TortoiseGit\bin;C:\Program Files (x86)\Microsoft ASP.NET\ASP.NET Web Pages\v1.0\;C:\Program Files (x86)\Windows Kits\8.0\Windows Performance Toolkit\;C:\Program Files\Microsoft SQL Server\110\Tools\Binn\;E:\Program Files\ATI Technologies\ATI.ACE\Core-Static;C:\Program Files\Microsoft\Web Platform Installer\;C:\Program Files (x86)\Microsoft SQL Server\110\Tools\Binn\;C:\Program Files\Microsoft SQL Server\110\DTS\Binn\;C:\Program Files (x86)\Microsoft SQL Server\110\Tools\Binn\ManagementStudio\;C:\Program Files (x86)\Microsoft Visual Studio 10.0\Common7\IDE\PrivateAssemblies\;C:\Program Files (x86)\Microsoft SQL Server\110\DTS\Binn\
USERNAME=BtS
OS=Windows_NT
PROCESSOR_IDENTIFIER=Intel64 Family 6 Model 58 Stepping 9, GenuineIntel



---------------  S Y S T E M  ---------------

OS: Windows 7 , 64 bit Build 7601 Service Pack 1

CPU:total 4 (2 cores per cpu, 2 threads per core) family 6 model 58 stepping 9, cmov, cx8, fxsr, mmx, sse, sse2, sse3, ssse3, sse4.1, sse4.2, popcnt, avx, ht, tsc, tscinvbit, tscinv

Memory: 4k page, physical 8329744k(3267068k free), swap 16657624k(8792448k free)

vm_info: Java HotSpot(TM) 64-Bit Server VM (23.25-b01) for windows-amd64 JRE (1.7.0_25-b17), built on Jun 21 2013 12:58:32 by "java_re" with unknown MS VC++:1600

time: Thu Nov 21 20:09:47 2013
elapsed time: 0 seconds

